PLINK v1.90b4.6 64-bit (15 Aug 2017)
Options in effect:
  --bfile training/sim1a_QC
  --make-bed
  --out training/sim1a_QC_norel
  --remove /tmp/Rtmp67OTwE/file304e32c3f9f9

Hostname: localhost.localdomain
Working directory: /home/privef/Bureau/SSMPG-17
Start time: Tue Sep 12 14:18:33 2017

Random number seed: 1505218713
7703 MB RAM detected; reserving 3851 MB for main workspace.
1955 variants loaded from .bim file.
1000 people (0 males, 0 females, 1000 ambiguous) loaded from .fam.
Ambiguous sex IDs written to training/sim1a_QC_norel.nosex .
--remove: 997 people remaining.
Using 1 thread (no multithreaded calculations invoked).
Before main variant filters, 997 founders and 0 nonfounders present.
Calculating allele frequencies... done.
1955 variants and 997 people pass filters and QC.
Note: No phenotypes present.
--make-bed to training/sim1a_QC_norel.bed + training/sim1a_QC_norel.bim +
training/sim1a_QC_norel.fam ... done.

End time: Tue Sep 12 14:18:33 2017
